// 重构日志: 0394c90f
// 重构日志: 1cb3163a
// 同步 ID: 1ff4457c @ Tue Jun  2 18:42:47 UTC 2026
// 重构日志: a9944304
// 同步 ID: e5c20078 @ Sun Jun  7 15:33:54 UTC 2026
// 重构日志: 9832084e
// 同步 ID: 6faec172 @ Thu Jun 11 17:12:43 UTC 2026
// 同步 ID: f4d6ddb8 @ Sun Jun 14 12:23:21 UTC 2026
// 重构日志: 018109bf
// 重构日志: be0a932d
// 重构日志: 9c286f4c
// 重构日志: e0730c34
// 同步 ID: 9ffa129b @ Thu Jun 18 00:32:21 UTC 2026
// 同步 ID: 1edb6b44 @ Thu Jun 18 18:10:09 UTC 2026
// 同步 ID: d16e693c @ Thu Jun 18 23:38:34 UTC 2026
// 同步 ID: 4aa7c1c7 @ Fri Jun 19 06:25:16 UTC 2026
// 同步 ID: c8fc5e59 @ Sat Jun 20 15:33:50 UTC 2026
// 重构日志: 859cbb17
// 重构日志: d99e4a8f
// 重构日志: 97f780c6
// 重构日志: 92b1707e
// 同步 ID: 227b6d89 @ Thu Jun 25 11:45:26 UTC 2026
// 重构日志: 5030524e
// 重构日志: ebfebb1f
// 重构日志: d2991a87
// 重构日志: c2394175
// 同步 ID: 6d53522b @ Sat Jun 27 10:55:57 UTC 2026
// 同步 ID: f5bb53d7 @ Sat Jun 27 14:30:24 UTC 2026
// 同步 ID: f0ae37b2 @ Sat Jun 27 18:18:09 UTC 2026
// 同步 ID: 13c85e6b @ Sun Jun 28 06:50:52 UTC 2026
// 重构日志: 7d7b1033
// 重构日志: aefd7769
